[08-Sep-2017 14:56:37 UTC] PHP Parse error:  syntax error, unexpected end of file in /home/ubuntu/workspace/test/onefile_test.php on line 88
[15-Sep-2017 14:30:34 UTC] PHP Warning:  require(functions.php): failed to open stream: No such file or directory in /home/ubuntu/workspace/games/index.php on line 3
[15-Sep-2017 14:30:34 UTC] PHP Stack trace:
[15-Sep-2017 14:30:34 UTC] PHP   1. {main}() /home/ubuntu/workspace/games/index.php:0
[15-Sep-2017 14:30:34 UTC] PHP Fatal error:  require(): Failed opening required 'functions.php' (include_path='.:/usr/share/php:/usr/share/pear') in /home/ubuntu/workspace/games/index.php on line 3
[15-Sep-2017 14:30:34 UTC] PHP Stack trace:
[15-Sep-2017 14:30:34 UTC] PHP   1. {main}() /home/ubuntu/workspace/games/index.php:0
[15-Sep-2017 14:30:49 UTC] PHP Warning:  require(functions.php): failed to open stream: No such file or directory in /home/ubuntu/workspace/games/index.php on line 3
[15-Sep-2017 14:30:49 UTC] PHP Stack trace:
[15-Sep-2017 14:30:49 UTC] PHP   1. {main}() /home/ubuntu/workspace/games/index.php:0
[15-Sep-2017 14:30:49 UTC] PHP Fatal error:  require(): Failed opening required 'functions.php' (include_path='.:/usr/share/php:/usr/share/pear') in /home/ubuntu/workspace/games/index.php on line 3
[15-Sep-2017 14:30:49 UTC] PHP Stack trace:
[15-Sep-2017 14:30:49 UTC] PHP   1. {main}() /home/ubuntu/workspace/games/index.php:0
[15-Sep-2017 14:31:29 UTC] PHP Fatal error:  Call to a member function prepare() on a non-object in /home/ubuntu/workspace/games/functions.php on line 3
[15-Sep-2017 14:31:29 UTC] PHP Stack trace:
[15-Sep-2017 14:31:29 UTC] PHP   1. {main}() /home/ubuntu/workspace/games/index.php:0
[15-Sep-2017 14:31:29 UTC] PHP   2. display_stock() /home/ubuntu/workspace/games/index.php:38
[15-Sep-2017 14:32:12 UTC] PHP Fatal error:  Call to a member function prepare() on a non-object in /home/ubuntu/workspace/games/functions.php on line 3
[15-Sep-2017 14:32:12 UTC] PHP Stack trace:
[15-Sep-2017 14:32:12 UTC] PHP   1. {main}() /home/ubuntu/workspace/games/index.php:0
[15-Sep-2017 14:32:12 UTC] PHP   2. display_stock() /home/ubuntu/workspace/games/index.php:38
[15-Sep-2017 14:32:19 UTC] PHP Fatal error:  Call to a member function prepare() on a non-object in /home/ubuntu/workspace/games/functions.php on line 3
[15-Sep-2017 14:32:19 UTC] PHP Stack trace:
[15-Sep-2017 14:32:19 UTC] PHP   1. {main}() /home/ubuntu/workspace/games/index.php:0
[15-Sep-2017 14:32:19 UTC] PHP   2. display_stock() /home/ubuntu/workspace/games/index.php:38
[15-Sep-2017 14:33:17 UTC] PHP Fatal error:  Call to a member function prepare() on a non-object in /home/ubuntu/workspace/games/functions.php on line 4
[15-Sep-2017 14:33:17 UTC] PHP Stack trace:
[15-Sep-2017 14:33:17 UTC] PHP   1. {main}() /home/ubuntu/workspace/games/index.php:0
[15-Sep-2017 14:33:17 UTC] PHP   2. display_stock() /home/ubuntu/workspace/games/index.php:38
[15-Sep-2017 14:33:21 UTC] PHP Fatal error:  Call to a member function prepare() on a non-object in /home/ubuntu/workspace/games/functions.php on line 4
[15-Sep-2017 14:33:21 UTC] PHP Stack trace:
[15-Sep-2017 14:33:21 UTC] PHP   1. {main}() /home/ubuntu/workspace/games/index.php:0
[15-Sep-2017 14:33:21 UTC] PHP   2. display_stock() /home/ubuntu/workspace/games/index.php:38
[29-Sep-2017 14:46:22 UTC] PHP Parse error:  syntax error, unexpected end of file in /home/ubuntu/workspace/games/update.php on line 51
